<?xml version="1.0" encoding="UTF-8"?>
<!-- Generated by org.testng.reporters.JUnitReportReporter -->
<testsuite hostname="DESKTOP-QGOJA70" failures="0" tests="1" name="Akshaykumar.pratice.ScrollDemo" time="12.972" errors="0" timestamp="21 Sep 2023 09:48:58 GMT" skipped="0">
  <testcase classname="Akshaykumar.pratice.ScrollDemo" name="LongpressGesture" time="12.972"/>
</testsuite> <!-- Akshaykumar.pratice.ScrollDemo -->
