<?xml version="1.0" encoding="UTF-8"?>
<!-- Generated by org.testng.reporters.JUnitReportReporter -->
<testsuite hostname="DESKTOP-QGOJA70" failures="0" tests="1" name="Akshaykumar.pratice.DragDropDemo" time="9.154" errors="0" timestamp="21 Sep 2023 10:46:09 GMT" skipped="0">
  <testcase classname="Akshaykumar.pratice.DragDropDemo" name="SwipeGesture" time="9.154"/>
</testsuite> <!-- Akshaykumar.pratice.DragDropDemo -->
