<?xml version="1.0" encoding="UTF-8"?>
<!-- Generated by org.testng.reporters.JUnitReportReporter -->
<testsuite hostname="DESKTOP-QGOJA70" failures="0" tests="1" name="Akshaykumar.pratice.NewBasic" time="8.582" errors="0" timestamp="06 Sep 2023 12:19:37 GMT" skipped="0">
  <testcase classname="Akshaykumar.pratice.NewBasic" name="AppiumTest2" time="8.582"/>
</testsuite> <!-- Akshaykumar.pratice.NewBasic -->
