<?xml version="1.0" encoding="UTF-8"?>
<!-- Generated by org.testng.reporters.JUnitReportReporter -->
<testsuite hostname="DESKTOP-QGOJA70" failures="0" tests="1" name="Akshaykumar.pratice.swipeDemo" time="5.300" errors="0" timestamp="21 Sep 2023 09:48:04 GMT" skipped="0">
  <testcase classname="Akshaykumar.pratice.swipeDemo" name="SwipeGesture" time="5.300"/>
</testsuite> <!-- Akshaykumar.pratice.swipeDemo -->
