<?xml version="1.0" encoding="UTF-8"?>
<!-- Generated by org.testng.reporters.JUnitReportReporter -->
<testsuite hostname="DESKTOP-QGOJA70" failures="0" tests="1" name="Akshaykumar.pratice.LongPress" time="8.118" errors="0" timestamp="13 Sep 2023 12:29:51 GMT" skipped="0">
  <testcase classname="Akshaykumar.pratice.LongPress" name="LongpressGesture" time="8.118"/>
</testsuite> <!-- Akshaykumar.pratice.LongPress -->
